<?xml version="1.0" encoding="UTF-8"?>
<testng-results total="2" passed="2" failed="0" skipped="0">
  <reporter-output>
  </reporter-output>
  <suite started-at="2021-08-04T05:03:07Z" name="Default suite" finished-at="2021-08-04T05:03:23Z" duration-ms="16182">
    <groups>
    </groups>
    <test started-at="2021-08-04T05:03:07Z" name="Default test" finished-at="2021-08-04T05:03:23Z" duration-ms="16182">
      <class name="com.site.qa.testcases.AddUserPageTest">
        <test-method is-config="true" signature="setUp()[pri:0, instance:com.site.qa.testcases.AddUserPageTest@57c03d88]" started-at="2021-08-03T22:03:07Z" name="setUp" finished-at="2021-08-03T22:03:14Z" duration-ms="6647" status="PASS">
          <reporter-output>
          </reporter-output>
        </test-method> <!-- setUp -->
        <test-method signature="AddNewUser()[pri:0, instance:com.site.qa.testcases.AddUserPageTest@57c03d88]" started-at="2021-08-03T22:03:14Z" name="AddNewUser" finished-at="2021-08-03T22:03:14Z" duration-ms="605" status="PASS">
          <reporter-output>
          </reporter-output>
        </test-method> <!-- AddNewUser -->
        <test-method is-config="true" signature="tearDown()[pri:0, instance:com.site.qa.testcases.AddUserPageTest@57c03d88]" started-at="2021-08-03T22:03:14Z" name="tearDown" finished-at="2021-08-03T22:03:15Z" duration-ms="1178" status="PASS">
          <reporter-output>
          </reporter-output>
        </test-method> <!-- tearDown -->
        <test-method is-config="true" signature="setUp()[pri:0, instance:com.site.qa.testcases.AddUserPageTest@57c03d88]" started-at="2021-08-03T22:03:15Z" name="setUp" finished-at="2021-08-03T22:03:21Z" duration-ms="6102" status="PASS">
          <reporter-output>
          </reporter-output>
        </test-method> <!-- setUp -->
        <test-method signature="LoginPageVerify()[pri:0, instance:com.site.qa.testcases.AddUserPageTest@57c03d88]" started-at="2021-08-03T22:03:21Z" name="LoginPageVerify" finished-at="2021-08-03T22:03:22Z" duration-ms="491" status="PASS">
          <reporter-output>
          </reporter-output>
        </test-method> <!-- LoginPageVerify -->
        <test-method is-config="true" signature="tearDown()[pri:0, instance:com.site.qa.testcases.AddUserPageTest@57c03d88]" started-at="2021-08-03T22:03:22Z" name="tearDown" finished-at="2021-08-03T22:03:23Z" duration-ms="1144" status="PASS">
          <reporter-output>
          </reporter-output>
        </test-method> <!-- tearDown -->
      </class> <!-- com.site.qa.testcases.AddUserPageTest -->
    </test> <!-- Default test -->
  </suite> <!-- Default suite -->
</testng-results>
